<?xml version="1.0" encoding="UTF-8"?>
<testng-results ignored="0" total="8" passed="4" failed="4" skipped="0">
  <reporter-output>
  </reporter-output>
  <suite started-at="2021-09-19T22:26:10 IST" name="Default suite" finished-at="2021-09-19T22:26:58 IST" duration-ms="47979">
    <groups>
    </groups>
    <test started-at="2021-09-19T22:26:10 IST" name="Default test" finished-at="2021-09-19T22:26:58 IST" duration-ms="47979">
      <class name="test_scripts.ValidateLoginRegister">
        <test-method is-config="true" signature="preCond()[pri:0, instance:test_scripts.ValidateLoginRegister@4b741d6d]" started-at="2021-09-19T22:26:11 IST" name="preCond" finished-at="2021-09-19T22:26:15 IST" duration-ms="4201" status="PASS">
          <reporter-output>
          </reporter-output>
        </test-method> <!-- preCond -->
        <test-method signature="adminLogin(java.lang.String,java.lang.String)[pri:0, instance:test_scripts.ValidateLoginRegister@4b741d6d]" started-at="2021-09-19T22:26:15 IST" name="adminLogin" data-provider="testdataForLogin" finished-at="2021-09-19T22:26:19 IST" duration-ms="3917" status="PASS">
          <params>
            <param index="0">
              <value>
                <![CDATA[anjali@gmail.com]]>
              </value>
            </param>
            <param index="1">
              <value>
                <![CDATA[hateall]]>
              </value>
            </param>
          </params>
          <reporter-output>
          </reporter-output>
        </test-method> <!-- adminLogin -->
        <test-method is-config="true" signature="postCon()[pri:0, instance:test_scripts.ValidateLoginRegister@4b741d6d]" started-at="2021-09-19T22:26:19 IST" name="postCon" finished-at="2021-09-19T22:26:19 IST" duration-ms="49" status="PASS">
          <reporter-output>
          </reporter-output>
        </test-method> <!-- postCon -->
        <test-method is-config="true" signature="preCond()[pri:0, instance:test_scripts.ValidateLoginRegister@4b741d6d]" started-at="2021-09-19T22:26:19 IST" name="preCond" finished-at="2021-09-19T22:26:23 IST" duration-ms="4119" status="PASS">
          <reporter-output>
          </reporter-output>
        </test-method> <!-- preCond -->
        <test-method signature="adminLogin(java.lang.String,java.lang.String)[pri:0, instance:test_scripts.ValidateLoginRegister@4b741d6d]" started-at="2021-09-19T22:26:23 IST" name="adminLogin" data-provider="testdataForLogin" finished-at="2021-09-19T22:26:27 IST" duration-ms="3904" status="PASS">
          <params>
            <param index="0">
              <value>
                <![CDATA[cocos18@gmail.com]]>
              </value>
            </param>
            <param index="1">
              <value>
                <![CDATA[qwerty123]]>
              </value>
            </param>
          </params>
          <reporter-output>
          </reporter-output>
        </test-method> <!-- adminLogin -->
        <test-method is-config="true" signature="postCon()[pri:0, instance:test_scripts.ValidateLoginRegister@4b741d6d]" started-at="2021-09-19T22:26:27 IST" name="postCon" finished-at="2021-09-19T22:26:27 IST" duration-ms="84" status="PASS">
          <reporter-output>
          </reporter-output>
        </test-method> <!-- postCon -->
        <test-method is-config="true" signature="preCond()[pri:0, instance:test_scripts.ValidateLoginRegister@4b741d6d]" started-at="2021-09-19T22:26:27 IST" name="preCond" finished-at="2021-09-19T22:26:30 IST" duration-ms="3521" status="PASS">
          <reporter-output>
          </reporter-output>
        </test-method> <!-- preCond -->
        <test-method signature="adminLogin(java.lang.String,java.lang.String)[pri:0, instance:test_scripts.ValidateLoginRegister@4b741d6d]" started-at="2021-09-19T22:26:30 IST" name="adminLogin" data-provider="testdataForLogin" finished-at="2021-09-19T22:26:34 IST" duration-ms="3381" status="FAIL">
          <params>
            <param index="0">
              <value>
                <![CDATA[cocos1@gmail.com]]>
              </value>
            </param>
            <param index="1">
              <value>
                <![CDATA[qwerty]]>
              </value>
            </param>
          </params>
          <exception class="java.lang.AssertionError">
            <message>
              <![CDATA[expected [http://127.0.0.1:8000/] but found [http://127.0.0.1:8000/accounts/login]]]>
            </message>
            <full-stacktrace>
              <![CDATA[java.lang.AssertionError: expected [http://127.0.0.1:8000/] but found [http://127.0.0.1:8000/accounts/login]
at org.testng.Assert.fail(Assert.java:99)
at org.testng.Assert.failNotEquals(Assert.java:1037)
at org.testng.Assert.assertEqualsImpl(Assert.java:140)
at org.testng.Assert.assertEquals(Assert.java:122)
at org.testng.Assert.assertEquals(Assert.java:629)
at org.testng.Assert.assertEquals(Assert.java:639)
at test_scripts.ValidateLoginRegister.adminLogin(ValidateLoginRegister.java:60)
at java.base/jdk.internal.reflect.NativeMethodAccessorImpl.invoke0(Native Method)
at java.base/jdk.internal.reflect.NativeMethodAccessorImpl.invoke(NativeMethodAccessorImpl.java:78)
at java.base/jdk.internal.reflect.DelegatingMethodAccessorImpl.invoke(DelegatingMethodAccessorImpl.java:43)
at java.base/java.lang.reflect.Method.invoke(Method.java:567)
at org.testng.internal.MethodInvocationHelper.invokeMethod(MethodInvocationHelper.java:133)
at org.testng.internal.TestInvoker.invokeMethod(TestInvoker.java:598)
at org.testng.internal.TestInvoker.invokeTestMethod(TestInvoker.java:173)
at org.testng.internal.MethodRunner.runInSequence(MethodRunner.java:46)
at org.testng.internal.TestInvoker$MethodInvocationAgent.invoke(TestInvoker.java:824)
at org.testng.internal.TestInvoker.invokeTestMethods(TestInvoker.java:146)
at org.testng.internal.TestMethodWorker.invokeTestMethods(TestMethodWorker.java:146)
at org.testng.internal.TestMethodWorker.run(TestMethodWorker.java:128)
at java.base/java.util.ArrayList.forEach(ArrayList.java:1511)
at org.testng.TestRunner.privateRun(TestRunner.java:794)
at org.testng.TestRunner.run(TestRunner.java:596)
at org.testng.SuiteRunner.runTest(SuiteRunner.java:377)
at org.testng.SuiteRunner.runSequentially(SuiteRunner.java:371)
at org.testng.SuiteRunner.privateRun(SuiteRunner.java:332)
at org.testng.SuiteRunner.run(SuiteRunner.java:276)
at org.testng.SuiteRunnerWorker.runSuite(SuiteRunnerWorker.java:53)
at org.testng.SuiteRunnerWorker.run(SuiteRunnerWorker.java:96)
at org.testng.TestNG.runSuitesSequentially(TestNG.java:1212)
at org.testng.TestNG.runSuitesLocally(TestNG.java:1134)
at org.testng.TestNG.runSuites(TestNG.java:1063)
at org.testng.TestNG.run(TestNG.java:1031)
at org.testng.remote.AbstractRemoteTestNG.run(AbstractRemoteTestNG.java:115)
at org.testng.remote.RemoteTestNG.initAndRun(RemoteTestNG.java:251)
at org.testng.remote.RemoteTestNG.main(RemoteTestNG.java:77)
]]>
            </full-stacktrace>
          </exception> <!-- java.lang.AssertionError -->
          <reporter-output>
          </reporter-output>
        </test-method> <!-- adminLogin -->
        <test-method is-config="true" signature="postCon()[pri:0, instance:test_scripts.ValidateLoginRegister@4b741d6d]" started-at="2021-09-19T22:26:34 IST" name="postCon" finished-at="2021-09-19T22:26:34 IST" duration-ms="53" status="PASS">
          <reporter-output>
          </reporter-output>
        </test-method> <!-- postCon -->
        <test-method is-config="true" signature="preCond()[pri:0, instance:test_scripts.ValidateLoginRegister@4b741d6d]" started-at="2021-09-19T22:26:34 IST" name="preCond" finished-at="2021-09-19T22:26:38 IST" duration-ms="3805" status="PASS">
          <reporter-output>
          </reporter-output>
        </test-method> <!-- preCond -->
        <test-method signature="adminRegister(java.lang.String,java.lang.String,java.lang.String,java.lang.String,java.lang.String)[pri:0, instance:test_scripts.ValidateLoginRegister@4b741d6d]" started-at="2021-09-19T22:26:38 IST" name="adminRegister" data-provider="testdataForRegister" finished-at="2021-09-19T22:26:39 IST" duration-ms="763" status="PASS">
          <params>
            <param index="0">
              <value>
                <![CDATA[cocos30@gmail.com]]>
              </value>
            </param>
            <param index="1">
              <value>
                <![CDATA[cocos30]]>
              </value>
            </param>
            <param index="2">
              <value>
                <![CDATA[qwerty123]]>
              </value>
            </param>
            <param index="3">
              <value>
                <![CDATA[qwerty123]]>
              </value>
            </param>
            <param index="4">
              <value>
                <![CDATA[M]]>
              </value>
            </param>
          </params>
          <reporter-output>
          </reporter-output>
        </test-method> <!-- adminRegister -->
        <test-method is-config="true" signature="postCon()[pri:0, instance:test_scripts.ValidateLoginRegister@4b741d6d]" started-at="2021-09-19T22:26:39 IST" name="postCon" finished-at="2021-09-19T22:26:39 IST" duration-ms="77" status="PASS">
          <reporter-output>
          </reporter-output>
        </test-method> <!-- postCon -->
        <test-method is-config="true" signature="preCond()[pri:0, instance:test_scripts.ValidateLoginRegister@4b741d6d]" started-at="2021-09-19T22:26:39 IST" name="preCond" finished-at="2021-09-19T22:26:43 IST" duration-ms="4353" status="PASS">
          <reporter-output>
          </reporter-output>
        </test-method> <!-- preCond -->
        <test-method signature="adminRegister(java.lang.String,java.lang.String,java.lang.String,java.lang.String,java.lang.String)[pri:0, instance:test_scripts.ValidateLoginRegister@4b741d6d]" started-at="2021-09-19T22:26:43 IST" name="adminRegister" data-provider="testdataForRegister" finished-at="2021-09-19T22:26:44 IST" duration-ms="742" status="PASS">
          <params>
            <param index="0">
              <value>
                <![CDATA[cocos31@gmail.com]]>
              </value>
            </param>
            <param index="1">
              <value>
                <![CDATA[cocos31]]>
              </value>
            </param>
            <param index="2">
              <value>
                <![CDATA[qwerty123]]>
              </value>
            </param>
            <param index="3">
              <value>
                <![CDATA[qwerty123]]>
              </value>
            </param>
            <param index="4">
              <value>
                <![CDATA[F]]>
              </value>
            </param>
          </params>
          <reporter-output>
          </reporter-output>
        </test-method> <!-- adminRegister -->
        <test-method is-config="true" signature="postCon()[pri:0, instance:test_scripts.ValidateLoginRegister@4b741d6d]" started-at="2021-09-19T22:26:44 IST" name="postCon" finished-at="2021-09-19T22:26:44 IST" duration-ms="94" status="PASS">
          <reporter-output>
          </reporter-output>
        </test-method> <!-- postCon -->
        <test-method is-config="true" signature="preCond()[pri:0, instance:test_scripts.ValidateLoginRegister@4b741d6d]" started-at="2021-09-19T22:26:44 IST" name="preCond" finished-at="2021-09-19T22:26:48 IST" duration-ms="4523" status="PASS">
          <reporter-output>
          </reporter-output>
        </test-method> <!-- preCond -->
        <test-method signature="adminRegister(java.lang.String,java.lang.String,java.lang.String,java.lang.String,java.lang.String)[pri:0, instance:test_scripts.ValidateLoginRegister@4b741d6d]" started-at="2021-09-19T22:26:48 IST" name="adminRegister" data-provider="testdataForRegister" finished-at="2021-09-19T22:26:49 IST" duration-ms="571" status="FAIL">
          <params>
            <param index="0">
              <value>
                <![CDATA[cocos2@gmail.com]]>
              </value>
            </param>
            <param index="1">
              <value>
                <![CDATA[cocos3]]>
              </value>
            </param>
            <param index="2">
              <value>
                <![CDATA[qwerty123]]>
              </value>
            </param>
            <param index="3">
              <value>
                <![CDATA[qwerty]]>
              </value>
            </param>
            <param index="4">
              <value>
                <![CDATA[F]]>
              </value>
            </param>
          </params>
          <exception class="java.lang.AssertionError">
            <message>
              <![CDATA[expected [http://127.0.0.1:8000/accounts/login] but found [http://127.0.0.1:8000/accounts/register]]]>
            </message>
            <full-stacktrace>
              <![CDATA[java.lang.AssertionError: expected [http://127.0.0.1:8000/accounts/login] but found [http://127.0.0.1:8000/accounts/register]
at org.testng.Assert.fail(Assert.java:99)
at org.testng.Assert.failNotEquals(Assert.java:1037)
at org.testng.Assert.assertEqualsImpl(Assert.java:140)
at org.testng.Assert.assertEquals(Assert.java:122)
at org.testng.Assert.assertEquals(Assert.java:629)
at org.testng.Assert.assertEquals(Assert.java:639)
at test_scripts.ValidateLoginRegister.adminRegister(ValidateLoginRegister.java:46)
at java.base/jdk.internal.reflect.NativeMethodAccessorImpl.invoke0(Native Method)
at java.base/jdk.internal.reflect.NativeMethodAccessorImpl.invoke(NativeMethodAccessorImpl.java:78)
at java.base/jdk.internal.reflect.DelegatingMethodAccessorImpl.invoke(DelegatingMethodAccessorImpl.java:43)
at java.base/java.lang.reflect.Method.invoke(Method.java:567)
at org.testng.internal.MethodInvocationHelper.invokeMethod(MethodInvocationHelper.java:133)
at org.testng.internal.TestInvoker.invokeMethod(TestInvoker.java:598)
at org.testng.internal.TestInvoker.invokeTestMethod(TestInvoker.java:173)
at org.testng.internal.MethodRunner.runInSequence(MethodRunner.java:46)
at org.testng.internal.TestInvoker$MethodInvocationAgent.invoke(TestInvoker.java:824)
at org.testng.internal.TestInvoker.invokeTestMethods(TestInvoker.java:146)
at org.testng.internal.TestMethodWorker.invokeTestMethods(TestMethodWorker.java:146)
at org.testng.internal.TestMethodWorker.run(TestMethodWorker.java:128)
at java.base/java.util.ArrayList.forEach(ArrayList.java:1511)
at org.testng.TestRunner.privateRun(TestRunner.java:794)
at org.testng.TestRunner.run(TestRunner.java:596)
at org.testng.SuiteRunner.runTest(SuiteRunner.java:377)
at org.testng.SuiteRunner.runSequentially(SuiteRunner.java:371)
at org.testng.SuiteRunner.privateRun(SuiteRunner.java:332)
at org.testng.SuiteRunner.run(SuiteRunner.java:276)
at org.testng.SuiteRunnerWorker.runSuite(SuiteRunnerWorker.java:53)
at org.testng.SuiteRunnerWorker.run(SuiteRunnerWorker.java:96)
at org.testng.TestNG.runSuitesSequentially(TestNG.java:1212)
at org.testng.TestNG.runSuitesLocally(TestNG.java:1134)
at org.testng.TestNG.runSuites(TestNG.java:1063)
at org.testng.TestNG.run(TestNG.java:1031)
at org.testng.remote.AbstractRemoteTestNG.run(AbstractRemoteTestNG.java:115)
at org.testng.remote.RemoteTestNG.initAndRun(RemoteTestNG.java:251)
at org.testng.remote.RemoteTestNG.main(RemoteTestNG.java:77)
]]>
            </full-stacktrace>
          </exception> <!-- java.lang.AssertionError -->
          <reporter-output>
          </reporter-output>
        </test-method> <!-- adminRegister -->
        <test-method is-config="true" signature="postCon()[pri:0, instance:test_scripts.ValidateLoginRegister@4b741d6d]" started-at="2021-09-19T22:26:49 IST" name="postCon" finished-at="2021-09-19T22:26:49 IST" duration-ms="60" status="PASS">
          <reporter-output>
          </reporter-output>
        </test-method> <!-- postCon -->
        <test-method is-config="true" signature="preCond()[pri:0, instance:test_scripts.ValidateLoginRegister@4b741d6d]" started-at="2021-09-19T22:26:49 IST" name="preCond" finished-at="2021-09-19T22:26:53 IST" duration-ms="3882" status="PASS">
          <reporter-output>
          </reporter-output>
        </test-method> <!-- preCond -->
        <test-method signature="adminRegister(java.lang.String,java.lang.String,java.lang.String,java.lang.String,java.lang.String)[pri:0, instance:test_scripts.ValidateLoginRegister@4b741d6d]" started-at="2021-09-19T22:26:53 IST" name="adminRegister" data-provider="testdataForRegister" finished-at="2021-09-19T22:26:53 IST" duration-ms="581" status="FAIL">
          <params>
            <param index="0">
              <value>
                <![CDATA[12345.0]]>
              </value>
            </param>
            <param index="1">
              <value>
                <![CDATA[coco39]]>
              </value>
            </param>
            <param index="2">
              <value>
                <![CDATA[qwerty123]]>
              </value>
            </param>
            <param index="3">
              <value>
                <![CDATA[qwerty123]]>
              </value>
            </param>
            <param index="4">
              <value>
                <![CDATA[M]]>
              </value>
            </param>
          </params>
          <exception class="java.lang.AssertionError">
            <message>
              <![CDATA[expected [http://127.0.0.1:8000/accounts/login] but found [http://127.0.0.1:8000/accounts/register]]]>
            </message>
            <full-stacktrace>
              <![CDATA[java.lang.AssertionError: expected [http://127.0.0.1:8000/accounts/login] but found [http://127.0.0.1:8000/accounts/register]
at org.testng.Assert.fail(Assert.java:99)
at org.testng.Assert.failNotEquals(Assert.java:1037)
at org.testng.Assert.assertEqualsImpl(Assert.java:140)
at org.testng.Assert.assertEquals(Assert.java:122)
at org.testng.Assert.assertEquals(Assert.java:629)
at org.testng.Assert.assertEquals(Assert.java:639)
at test_scripts.ValidateLoginRegister.adminRegister(ValidateLoginRegister.java:46)
at java.base/jdk.internal.reflect.NativeMethodAccessorImpl.invoke0(Native Method)
at java.base/jdk.internal.reflect.NativeMethodAccessorImpl.invoke(NativeMethodAccessorImpl.java:78)
at java.base/jdk.internal.reflect.DelegatingMethodAccessorImpl.invoke(DelegatingMethodAccessorImpl.java:43)
at java.base/java.lang.reflect.Method.invoke(Method.java:567)
at org.testng.internal.MethodInvocationHelper.invokeMethod(MethodInvocationHelper.java:133)
at org.testng.internal.TestInvoker.invokeMethod(TestInvoker.java:598)
at org.testng.internal.TestInvoker.invokeTestMethod(TestInvoker.java:173)
at org.testng.internal.MethodRunner.runInSequence(MethodRunner.java:46)
at org.testng.internal.TestInvoker$MethodInvocationAgent.invoke(TestInvoker.java:824)
at org.testng.internal.TestInvoker.invokeTestMethods(TestInvoker.java:146)
at org.testng.internal.TestMethodWorker.invokeTestMethods(TestMethodWorker.java:146)
at org.testng.internal.TestMethodWorker.run(TestMethodWorker.java:128)
at java.base/java.util.ArrayList.forEach(ArrayList.java:1511)
at org.testng.TestRunner.privateRun(TestRunner.java:794)
at org.testng.TestRunner.run(TestRunner.java:596)
at org.testng.SuiteRunner.runTest(SuiteRunner.java:377)
at org.testng.SuiteRunner.runSequentially(SuiteRunner.java:371)
at org.testng.SuiteRunner.privateRun(SuiteRunner.java:332)
at org.testng.SuiteRunner.run(SuiteRunner.java:276)
at org.testng.SuiteRunnerWorker.runSuite(SuiteRunnerWorker.java:53)
at org.testng.SuiteRunnerWorker.run(SuiteRunnerWorker.java:96)
at org.testng.TestNG.runSuitesSequentially(TestNG.java:1212)
at org.testng.TestNG.runSuitesLocally(TestNG.java:1134)
at org.testng.TestNG.runSuites(TestNG.java:1063)
at org.testng.TestNG.run(TestNG.java:1031)
at org.testng.remote.AbstractRemoteTestNG.run(AbstractRemoteTestNG.java:115)
at org.testng.remote.RemoteTestNG.initAndRun(RemoteTestNG.java:251)
at org.testng.remote.RemoteTestNG.main(RemoteTestNG.java:77)
]]>
            </full-stacktrace>
          </exception> <!-- java.lang.AssertionError -->
          <reporter-output>
          </reporter-output>
        </test-method> <!-- adminRegister -->
        <test-method is-config="true" signature="postCon()[pri:0, instance:test_scripts.ValidateLoginRegister@4b741d6d]" started-at="2021-09-19T22:26:53 IST" name="postCon" finished-at="2021-09-19T22:26:54 IST" duration-ms="101" status="PASS">
          <reporter-output>
          </reporter-output>
        </test-method> <!-- postCon -->
        <test-method is-config="true" signature="preCond()[pri:0, instance:test_scripts.ValidateLoginRegister@4b741d6d]" started-at="2021-09-19T22:26:54 IST" name="preCond" finished-at="2021-09-19T22:26:57 IST" duration-ms="3882" status="PASS">
          <reporter-output>
          </reporter-output>
        </test-method> <!-- preCond -->
        <test-method signature="adminRegister(java.lang.String,java.lang.String,java.lang.String,java.lang.String,java.lang.String)[pri:0, instance:test_scripts.ValidateLoginRegister@4b741d6d]" started-at="2021-09-19T22:26:57 IST" name="adminRegister" data-provider="testdataForRegister" finished-at="2021-09-19T22:26:58 IST" duration-ms="547" status="FAIL">
          <params>
            <param index="0">
              <value>
                <![CDATA[abcde]]>
              </value>
            </param>
            <param index="1">
              <value>
                <![CDATA[coco39]]>
              </value>
            </param>
            <param index="2">
              <value>
                <![CDATA[qwerty123]]>
              </value>
            </param>
            <param index="3">
              <value>
                <![CDATA[qwerty]]>
              </value>
            </param>
            <param index="4">
              <value>
                <![CDATA[M]]>
              </value>
            </param>
          </params>
          <exception class="java.lang.AssertionError">
            <message>
              <![CDATA[expected [http://127.0.0.1:8000/accounts/login] but found [http://127.0.0.1:8000/accounts/register]]]>
            </message>
            <full-stacktrace>
              <![CDATA[java.lang.AssertionError: expected [http://127.0.0.1:8000/accounts/login] but found [http://127.0.0.1:8000/accounts/register]
at org.testng.Assert.fail(Assert.java:99)
at org.testng.Assert.failNotEquals(Assert.java:1037)
at org.testng.Assert.assertEqualsImpl(Assert.java:140)
at org.testng.Assert.assertEquals(Assert.java:122)
at org.testng.Assert.assertEquals(Assert.java:629)
at org.testng.Assert.assertEquals(Assert.java:639)
at test_scripts.ValidateLoginRegister.adminRegister(ValidateLoginRegister.java:46)
at java.base/jdk.internal.reflect.NativeMethodAccessorImpl.invoke0(Native Method)
at java.base/jdk.internal.reflect.NativeMethodAccessorImpl.invoke(NativeMethodAccessorImpl.java:78)
at java.base/jdk.internal.reflect.DelegatingMethodAccessorImpl.invoke(DelegatingMethodAccessorImpl.java:43)
at java.base/java.lang.reflect.Method.invoke(Method.java:567)
at org.testng.internal.MethodInvocationHelper.invokeMethod(MethodInvocationHelper.java:133)
at org.testng.internal.TestInvoker.invokeMethod(TestInvoker.java:598)
at org.testng.internal.TestInvoker.invokeTestMethod(TestInvoker.java:173)
at org.testng.internal.MethodRunner.runInSequence(MethodRunner.java:46)
at org.testng.internal.TestInvoker$MethodInvocationAgent.invoke(TestInvoker.java:824)
at org.testng.internal.TestInvoker.invokeTestMethods(TestInvoker.java:146)
at org.testng.internal.TestMethodWorker.invokeTestMethods(TestMethodWorker.java:146)
at org.testng.internal.TestMethodWorker.run(TestMethodWorker.java:128)
at java.base/java.util.ArrayList.forEach(ArrayList.java:1511)
at org.testng.TestRunner.privateRun(TestRunner.java:794)
at org.testng.TestRunner.run(TestRunner.java:596)
at org.testng.SuiteRunner.runTest(SuiteRunner.java:377)
at org.testng.SuiteRunner.runSequentially(SuiteRunner.java:371)
at org.testng.SuiteRunner.privateRun(SuiteRunner.java:332)
at org.testng.SuiteRunner.run(SuiteRunner.java:276)
at org.testng.SuiteRunnerWorker.runSuite(SuiteRunnerWorker.java:53)
at org.testng.SuiteRunnerWorker.run(SuiteRunnerWorker.java:96)
at org.testng.TestNG.runSuitesSequentially(TestNG.java:1212)
at org.testng.TestNG.runSuitesLocally(TestNG.java:1134)
at org.testng.TestNG.runSuites(TestNG.java:1063)
at org.testng.TestNG.run(TestNG.java:1031)
at org.testng.remote.AbstractRemoteTestNG.run(AbstractRemoteTestNG.java:115)
at org.testng.remote.RemoteTestNG.initAndRun(RemoteTestNG.java:251)
at org.testng.remote.RemoteTestNG.main(RemoteTestNG.java:77)
]]>
            </full-stacktrace>
          </exception> <!-- java.lang.AssertionError -->
          <reporter-output>
          </reporter-output>
        </test-method> <!-- adminRegister -->
        <test-method is-config="true" signature="postCon()[pri:0, instance:test_scripts.ValidateLoginRegister@4b741d6d]" started-at="2021-09-19T22:26:58 IST" name="postCon" finished-at="2021-09-19T22:26:58 IST" duration-ms="128" status="PASS">
          <reporter-output>
          </reporter-output>
        </test-method> <!-- postCon -->
      </class> <!-- test_scripts.ValidateLoginRegister -->
    </test> <!-- Default test -->
  </suite> <!-- Default suite -->
</testng-results>
